<?xml version="1.0" encoding="UTF-8"?>
<!-- Generated by org.testng.reporters.JUnitReportReporter -->
<testsuite skipped="0" hostname="ip-172-31-84-83" name="testcases.SampleTest" tests="1" failures="0" timestamp="2022-03-26T06:10:20 UTC" time="0.012" errors="0">
  <testcase name="test1" time="0.012" classname="testcases.SampleTest"/>
  <system-out/>
</testsuite> <!-- testcases.SampleTest -->
